<?xml version="1.0" encoding="UTF-8"?>
<!-- Generated by org.testng.reporters.JUnitXMLReporter -->
<testsuite ignored="0" hostname="DESKTOP-G3K29R7" failures="0" tests="4" name="Default test" time="73.865" errors="0" timestamp="2023-07-20T13:48:09 IST">
  <testcase classname="com.example.NewTest1" name="registrationTest" time="10.276"/>
  <testcase classname="com.example.NewTest1" name="signinTest" time="19.395"/>
  <testcase classname="com.example.NewTest1" name="searchbarTest" time="7.267"/>
  <testcase classname="com.example.NewTest1" name="addToCartTest" time="34.291"/>
</testsuite> <!-- Default test -->
